{"C:\\Users\\Mitran Matei\\Desktop\\ParseAPI\\MermaidParseAPI\\src\\Charts\\Chart.ts": {"path":"C:\\Users\\Mitran Matei\\Desktop\\ParseAPI\\MermaidParseAPI\\src\\Charts\\Chart.ts","statementMap":{"0":{"start":{"line":9,"column":2},"end":{"line":9,"column":null}},"1":{"start":{"line":15,"column":8},"end":{"line":15,"column":27}},"2":{"start":{"line":16,"column":8},"end":{"line":16,"column":35}},"3":{"start":{"line":19,"column":4},"end":{"line":21,"column":null}},"4":{"start":{"line":20,"column":8},"end":{"line":20,"column":26}},"5":{"start":{"line":23,"column":4},"end":{"line":25,"column":null}},"6":{"start":{"line":24,"column":8},"end":{"line":24,"column":30}},"7":{"start":{"line":27,"column":2},"end":{"line":27,"column":null}}},"fnMap":{"0":{"name":"(anonymous_0)","decl":{"start":{"line":9,"column":2},"end":{"line":9,"column":null}},"loc":{"start":{"line":9,"column":2},"end":{"line":27,"column":null}}},"1":{"name":"Chart","decl":{"start":{"line":14,"column":4},"end":{"line":14,"column":16}},"loc":{"start":{"line":14,"column":48},"end":{"line":17,"column":5}}},"2":{"name":"(anonymous_2)","decl":{"start":{"line":19,"column":4},"end":{"line":19,"column":12}},"loc":{"start":{"line":19,"column":4},"end":{"line":21,"column":5}}},"3":{"name":"(anonymous_3)","decl":{"start":{"line":23,"column":4},"end":{"line":23,"column":16}},"loc":{"start":{"line":23,"column":4},"end":{"line":25,"column":5}}}},"branchMap":{},"s":{"0":2,"1":2,"2":2,"3":2,"4":2,"5":2,"6":1,"7":2},"f":{"0":2,"1":2,"2":2,"3":1},"b":{}}
,"C:\\Users\\Mitran Matei\\Desktop\\ParseAPI\\MermaidParseAPI\\src\\Charts\\ERDiagram.ts": {"path":"C:\\Users\\Mitran Matei\\Desktop\\ParseAPI\\MermaidParseAPI\\src\\Charts\\ERDiagram.ts","statementMap":{"0":{"start":{"line":4,"column":0},"end":{"line":4,"column":null}},"1":{"start":{"line":9,"column":8},"end":{"line":9,"column":33}},"2":{"start":{"line":10,"column":8},"end":{"line":10,"column":43}},"3":{"start":{"line":11,"column":9},"end":{"line":11,"column":null}},"4":{"start":{"line":14,"column":4},"end":{"line":16,"column":null}},"5":{"start":{"line":15,"column":8},"end":{"line":15,"column":29}},"6":{"start":{"line":18,"column":4},"end":{"line":20,"column":null}},"7":{"start":{"line":19,"column":8},"end":{"line":19,"column":34}},"8":{"start":{"line":21,"column":0},"end":{"line":21,"column":null}}},"fnMap":{"0":{"name":"(anonymous_0)","decl":{"start":{"line":4,"column":0},"end":{"line":4,"column":null}},"loc":{"start":{"line":4,"column":0},"end":{"line":21,"column":null}}},"1":{"name":"ERDiagram","decl":{"start":{"line":8,"column":4},"end":{"line":8,"column":16}},"loc":{"start":{"line":8,"column":55},"end":{"line":12,"column":5}}},"2":{"name":"(anonymous_2)","decl":{"start":{"line":14,"column":4},"end":{"line":14,"column":15}},"loc":{"start":{"line":14,"column":4},"end":{"line":16,"column":5}}},"3":{"name":"(anonymous_3)","decl":{"start":{"line":18,"column":4},"end":{"line":18,"column":20}},"loc":{"start":{"line":18,"column":4},"end":{"line":20,"column":5}}}},"branchMap":{},"s":{"0":1,"1":1,"2":1,"3":1,"4":1,"5":1,"6":1,"7":1,"8":1},"f":{"0":1,"1":1,"2":1,"3":1},"b":{}}
,"C:\\Users\\Mitran Matei\\Desktop\\ParseAPI\\MermaidParseAPI\\src\\Charts\\Flowchart.ts": {"path":"C:\\Users\\Mitran Matei\\Desktop\\ParseAPI\\MermaidParseAPI\\src\\Charts\\Flowchart.ts","statementMap":{"0":{"start":{"line":4,"column":0},"end":{"line":4,"column":null}},"1":{"start":{"line":9,"column":8},"end":{"line":9,"column":33}},"2":{"start":{"line":10,"column":8},"end":{"line":10,"column":27}},"3":{"start":{"line":11,"column":8},"end":{"line":11,"column":null}},"4":{"start":{"line":14,"column":4},"end":{"line":16,"column":null}},"5":{"start":{"line":15,"column":8},"end":{"line":15,"column":29}},"6":{"start":{"line":18,"column":4},"end":{"line":20,"column":null}},"7":{"start":{"line":19,"column":8},"end":{"line":19,"column":26}},"8":{"start":{"line":22,"column":0},"end":{"line":22,"column":null}}},"fnMap":{"0":{"name":"(anonymous_0)","decl":{"start":{"line":4,"column":0},"end":{"line":4,"column":null}},"loc":{"start":{"line":4,"column":0},"end":{"line":22,"column":null}}},"1":{"name":"FlowChart","decl":{"start":{"line":8,"column":4},"end":{"line":8,"column":16}},"loc":{"start":{"line":8,"column":47},"end":{"line":12,"column":5}}},"2":{"name":"(anonymous_2)","decl":{"start":{"line":14,"column":4},"end":{"line":14,"column":15}},"loc":{"start":{"line":14,"column":4},"end":{"line":16,"column":5}}},"3":{"name":"(anonymous_3)","decl":{"start":{"line":18,"column":4},"end":{"line":18,"column":12}},"loc":{"start":{"line":18,"column":4},"end":{"line":20,"column":5}}}},"branchMap":{},"s":{"0":1,"1":1,"2":1,"3":1,"4":1,"5":1,"6":1,"7":1,"8":1},"f":{"0":1,"1":1,"2":1,"3":1},"b":{}}
,"C:\\Users\\Mitran Matei\\Desktop\\ParseAPI\\MermaidParseAPI\\src\\Charts\\SequenceDiagram.ts": {"path":"C:\\Users\\Mitran Matei\\Desktop\\ParseAPI\\MermaidParseAPI\\src\\Charts\\SequenceDiagram.ts","statementMap":{"0":{"start":{"line":4,"column":0},"end":{"line":4,"column":null}},"1":{"start":{"line":9,"column":8},"end":{"line":9,"column":29}},"2":{"start":{"line":10,"column":8},"end":{"line":10,"column":33}},"3":{"start":{"line":11,"column":8},"end":{"line":11,"column":null}},"4":{"start":{"line":14,"column":4},"end":{"line":16,"column":null}},"5":{"start":{"line":15,"column":8},"end":{"line":15,"column":27}},"6":{"start":{"line":18,"column":4},"end":{"line":20,"column":null}},"7":{"start":{"line":19,"column":8},"end":{"line":19,"column":29}},"8":{"start":{"line":22,"column":0},"end":{"line":22,"column":null}}},"fnMap":{"0":{"name":"(anonymous_0)","decl":{"start":{"line":4,"column":0},"end":{"line":4,"column":null}},"loc":{"start":{"line":4,"column":0},"end":{"line":22,"column":null}}},"1":{"name":"SequenceDiagram","decl":{"start":{"line":8,"column":4},"end":{"line":8,"column":16}},"loc":{"start":{"line":8,"column":48},"end":{"line":12,"column":5}}},"2":{"name":"(anonymous_2)","decl":{"start":{"line":14,"column":4},"end":{"line":14,"column":13}},"loc":{"start":{"line":14,"column":4},"end":{"line":16,"column":5}}},"3":{"name":"(anonymous_3)","decl":{"start":{"line":18,"column":4},"end":{"line":18,"column":15}},"loc":{"start":{"line":18,"column":4},"end":{"line":20,"column":5}}}},"branchMap":{},"s":{"0":1,"1":1,"2":1,"3":1,"4":1,"5":1,"6":1,"7":1,"8":1},"f":{"0":1,"1":1,"2":1,"3":1},"b":{}}
}
