TN:
SF:src\Charts\Chart.ts
FN:9,(anonymous_0)
FN:14,Chart
FN:19,(anonymous_2)
FN:23,(anonymous_3)
FNF:4
FNH:4
FNDA:2,(anonymous_0)
FNDA:2,Chart
FNDA:2,(anonymous_2)
FNDA:1,(anonymous_3)
DA:9,2
DA:15,2
DA:16,2
DA:19,2
DA:20,2
DA:23,2
DA:24,1
DA:27,2
LF:8
LH:8
BRF:0
BRH:0
end_of_record
TN:
SF:src\Charts\ERDiagram.ts
FN:4,(anonymous_0)
FN:8,ERDiagram
FN:14,(anonymous_2)
FN:18,(anonymous_3)
FNF:4
FNH:4
FNDA:1,(anonymous_0)
FNDA:1,ERDiagram
FNDA:1,(anonymous_2)
FNDA:1,(anonymous_3)
DA:4,1
DA:9,1
DA:10,1
DA:11,1
DA:14,1
DA:15,1
DA:18,1
DA:19,1
DA:21,1
LF:9
LH:9
BRF:0
BRH:0
end_of_record
TN:
SF:src\Charts\Flowchart.ts
FN:4,(anonymous_0)
FN:8,FlowChart
FN:14,(anonymous_2)
FN:18,(anonymous_3)
FNF:4
FNH:4
FNDA:1,(anonymous_0)
FNDA:1,FlowChart
FNDA:1,(anonymous_2)
FNDA:1,(anonymous_3)
DA:4,1
DA:9,1
DA:10,1
DA:11,1
DA:14,1
DA:15,1
DA:18,1
DA:19,1
DA:22,1
LF:9
LH:9
BRF:0
BRH:0
end_of_record
TN:
SF:src\Charts\SequenceDiagram.ts
FN:4,(anonymous_0)
FN:8,SequenceDiagram
FN:14,(anonymous_2)
FN:18,(anonymous_3)
FNF:4
FNH:4
FNDA:1,(anonymous_0)
FNDA:1,SequenceDiagram
FNDA:1,(anonymous_2)
FNDA:1,(anonymous_3)
DA:4,1
DA:9,1
DA:10,1
DA:11,1
DA:14,1
DA:15,1
DA:18,1
DA:19,1
DA:22,1
LF:9
LH:9
BRF:0
BRH:0
end_of_record
